#1 [internal] load build definition from Dockerfile
#1 sha256:9e941ca625fb27792cb361192ab48f9f4bbb054e3b9aa57951e7f41d01ec344d
#1 DONE 0.0s

#1 [internal] load build definition from Dockerfile
#1 sha256:9e941ca625fb27792cb361192ab48f9f4bbb054e3b9aa57951e7f41d01ec344d
#1 transferring dockerfile: 278B done
#1 DONE 0.0s

#2 [internal] load .dockerignore
#2 sha256:86e22e2c9338b1c5ec81e17b757e31a4021b5e2192b43cf8559846b6b04f6a25
#2 transferring context: 2B done
#2 DONE 0.0s

#3 [internal] load metadata for docker.io/library/python:3.8-alpine
#3 sha256:9683fb8c721215a033ce438059724d4ac470707e1f78bce364b381e42844a0da
#3 ...

#4 [auth] library/python:pull token for registry-1.docker.io
#4 sha256:87cf08fc3cd01a330923218ba80b2a4f272993d7116f946ce9f05397b367a1c1
#4 DONE 0.0s

#3 [internal] load metadata for docker.io/library/python:3.8-alpine
#3 sha256:9683fb8c721215a033ce438059724d4ac470707e1f78bce364b381e42844a0da
#3 DONE 2.4s

#5 [1/6] FROM docker.io/library/python:3.8-alpine@sha256:2d00398df877e6097d94d16ad37ebf977f889dd60205e2971f418217875ec06e
#5 sha256:00913d347e49a8227cf043e502379a6cc6107d0170696b4581eb53faa40ada32
#5 CACHED

#11 [internal] load build context
#11 sha256:7487f22fbaf8f6c4e69e7480fd27587caacd1b7767b90db833078b47a59d10f8
#11 transferring context: 895B done
#11 DONE 0.0s

#6 [2/6] ADD toll_traffic_generator.py .
#6 sha256:096d5ea49e6ae042f3af9209e9c2deb49a0095e9ec0c2bd285f5520bd9d11f95
#6 DONE 0.0s

#7 [3/6] RUN apk update     && apk add --virtual build-deps gcc python3-dev musl-dev
#7 sha256:03e4e9418ab41716eca10cd206e66df70d0339bf438432c0df6551ef362ab4d9
#7 0.339 fetch https://dl-cdn.alpinelinux.org/alpine/v3.17/main/x86_64/APKINDEX.tar.gz
#7 0.788 fetch https://dl-cdn.alpinelinux.org/alpine/v3.17/community/x86_64/APKINDEX.tar.gz
#7 1.257 v3.17.0-356-g3207313590 [https://dl-cdn.alpinelinux.org/alpine/v3.17/main]
#7 1.257 v3.17.1-6-ga78e1ffc0d [https://dl-cdn.alpinelinux.org/alpine/v3.17/community]
#7 1.257 OK: 17814 distinct packages available
#7 1.464 (1/16) Installing libgcc (12.2.1_git20220924-r4)
#7 1.613 (2/16) Installing libstdc++ (12.2.1_git20220924-r4)
#7 1.732 (3/16) Installing binutils (2.39-r2)
#7 1.975 (4/16) Installing libgomp (12.2.1_git20220924-r4)
#7 2.012 (5/16) Installing libatomic (12.2.1_git20220924-r4)
#7 2.038 (6/16) Installing gmp (6.2.1-r2)
#7 2.085 (7/16) Installing isl25 (0.25-r0)
#7 2.183 (8/16) Installing mpfr4 (4.1.0-r0)
#7 2.401 (9/16) Installing mpc1 (1.2.1-r1)
#7 2.432 (10/16) Installing gcc (12.2.1_git20220924-r4)
#7 13.04 (11/16) Installing pkgconf (1.9.3-r0)
#7 13.07 (12/16) Installing mpdecimal (2.5.1-r1)
#7 13.12 (13/16) Installing python3 (3.10.9-r1)
#7 15.90 (14/16) Installing python3-dev (3.10.9-r1)
#7 19.95 (15/16) Installing musl-dev (1.2.3-r4)
#7 20.55 (16/16) Installing build-deps (20230111.090226)
#7 20.55 Executing busybox-1.35.0-r29.trigger
#7 20.56 OK: 256 MiB in 53 packages
#7 DONE 21.0s

#8 [4/6] RUN pip3 install --upgrade pip
#8 sha256:9397ea3646ade4071ae3e8d1e74775831d602b38ce96a829d492c70206b645ca
#8 1.791 Requirement already satisfied: pip in /usr/local/lib/python3.8/site-packages (22.0.4)
#8 1.996 Collecting pip
#8 2.185   Downloading pip-22.3.1-py3-none-any.whl (2.1 MB)
#8 2.535      ━━━━━━━━━━━━━━━━━━━━━━━━━━━━━━━━━━━━━━━━ 2.1/2.1 MB 5.9 MB/s eta 0:00:00
#8 2.574 Installing collected packages: pip
#8 2.574   Attempting uninstall: pip
#8 2.575     Found existing installation: pip 22.0.4
#8 2.671     Uninstalling pip-22.0.4:
#8 2.803       Successfully uninstalled pip-22.0.4
#8 3.870 Successfully installed pip-22.3.1
#8 3.870 WARNING: Running pip as the 'root' user can result in broken permissions and conflicting behaviour with the system package manager. It is recommended to use a virtual environment instead: https://pip.pypa.io/warnings/venv
#8 DONE 4.2s

#9 [5/6] RUN pip3 install --upgrade setuptools
#9 sha256:298c1fddb39077583519bbed9b23b55665263ed7c4bdaaae28daa2125375b61c
#9 0.778 Requirement already satisfied: setuptools in /usr/local/lib/python3.8/site-packages (57.5.0)
#9 1.152 Collecting setuptools
#9 1.287   Downloading setuptools-65.6.3-py3-none-any.whl (1.2 MB)
#9 1.464      ━━━━━━━━━━━━━━━━━━━━━━━━━━━━━━━━━━━━━━━━ 1.2/1.2 MB 7.1 MB/s eta 0:00:00
#9 1.565 Installing collected packages: setuptools
#9 1.565   Attempting uninstall: setuptools
#9 1.566     Found existing installation: setuptools 57.5.0
#9 1.591     Uninstalling setuptools-57.5.0:
#9 1.621       Successfully uninstalled setuptools-57.5.0
#9 2.097 Successfully installed setuptools-65.6.3
#9 2.098 WARNING: Running pip as the 'root' user can result in broken permissions and conflicting behaviour with the system package manager. It is recommended to use a virtual environment instead: https://pip.pypa.io/warnings/venv
#9 DONE 2.2s

#10 [6/6] RUN pip install ez_setup kafka-python
#10 sha256:96ffa4996dcdb0b7c2b61fca11d1fca8a10f4bd638a28c978a70a68b8e1fd2d3
#10 0.884 Collecting ez_setup
#10 1.027   Downloading ez_setup-0.9.tar.gz (6.6 kB)
#10 1.037   Preparing metadata (setup.py): started
#10 1.267   Preparing metadata (setup.py): finished with status 'done'
#10 1.308 Collecting kafka-python
#10 1.338   Downloading kafka_python-2.0.2-py2.py3-none-any.whl (246 kB)
#10 1.424      ━━━━━━━━━━━━━━━━━━━━━━━━━━━━━━━━━━━━━━━ 246.5/246.5 kB 2.9 MB/s eta 0:00:00
#10 1.430 Building wheels for collected packages: ez_setup
#10 1.431   Building wheel for ez_setup (setup.py): started
#10 1.733   Building wheel for ez_setup (setup.py): finished with status 'done'
#10 1.734   Created wheel for ez_setup: filename=ez_setup-0.9-py3-none-any.whl size=10998 sha256=bffb563318f7e43aa8a7b2be458f1eced9ffbc417f93fa237e3feb9fed22cdb5
#10 1.734   Stored in directory: /root/.cache/pip/wheels/60/9b/b3/53f7269352bbc84baf136a8452785867b94e831bf732f49784
#10 1.736 Successfully built ez_setup
#10 1.786 Installing collected packages: kafka-python, ez_setup
#10 1.977 Successfully installed ez_setup-0.9 kafka-python-2.0.2
#10 1.978 WARNING: Running pip as the 'root' user can result in broken permissions and conflicting behaviour with the system package manager. It is recommended to use a virtual environment instead: https://pip.pypa.io/warnings/venv
#10 DONE 2.1s

#12 exporting to image
#12 sha256:e8c613e07b0b7ff33893b694f7759a10d42e180f2b4dc349fb57dc6b71dcab00
#12 exporting layers
#12 exporting layers 1.2s done
#12 writing image sha256:c8e27c33f5338e38f61b7c04eebce4be9aca833782e5df334e416028a3dee832 done
#12 naming to docker.io/mzsd/kafka_toll_generator:1.0 done
#12 DONE 1.3s

Use 'docker scan' to run Snyk tests against images to find vulnerabilities and learn how to fix them
