#1 [internal] load build definition from Dockerfile
#1 sha256:33c3e220b12d44c4f7f288d4bc0523657f7d4916d460ad738ad8fe02c3f2c2f0
#1 transferring dockerfile: 32B done
#1 DONE 0.0s

#2 [internal] load .dockerignore
#2 sha256:42dd72c1a88aa9c56d917b8538d8b9b25b9583574643a93d359a4999a6845b13
#2 transferring context: 2B done
#2 DONE 0.0s

#3 [internal] load metadata for docker.io/library/python:3.8-alpine
#3 sha256:9683fb8c721215a033ce438059724d4ac470707e1f78bce364b381e42844a0da
#3 DONE 1.1s

#4 [1/6] FROM docker.io/library/python:3.8-alpine@sha256:2d00398df877e6097d94d16ad37ebf977f889dd60205e2971f418217875ec06e
#4 sha256:00913d347e49a8227cf043e502379a6cc6107d0170696b4581eb53faa40ada32
#4 CACHED

#5 [internal] load build context
#5 sha256:9a4616d320dfd65dbc82371408414449014f00d574c7fd344b0d3c89cc196f65
#5 transferring context: 46B done
#5 DONE 0.0s

#6 [2/6] ADD streaming_data_reader.py .
#6 sha256:8ebe14726fbd6039325bf7418448715967eadccc8fa1f2a17f15ca17fb23d939
#6 DONE 0.0s

#7 [3/6] RUN apk update     && apk add --virtual build-deps gcc python3-dev musl-dev     && apk add --no-cache mariadb-dev
#7 sha256:f871b6aa904d08e220c832253d1a664c9ef824412e546d721152a087fcf1f17c
#7 0.331 fetch https://dl-cdn.alpinelinux.org/alpine/v3.17/main/x86_64/APKINDEX.tar.gz
#7 0.779 fetch https://dl-cdn.alpinelinux.org/alpine/v3.17/community/x86_64/APKINDEX.tar.gz
#7 1.254 v3.17.0-356-g3207313590 [https://dl-cdn.alpinelinux.org/alpine/v3.17/main]
#7 1.254 v3.17.1-6-ga78e1ffc0d [https://dl-cdn.alpinelinux.org/alpine/v3.17/community]
#7 1.254 OK: 17814 distinct packages available
#7 1.463 (1/16) Installing libgcc (12.2.1_git20220924-r4)
#7 1.636 (2/16) Installing libstdc++ (12.2.1_git20220924-r4)
#7 1.761 (3/16) Installing binutils (2.39-r2)
#7 2.100 (4/16) Installing libgomp (12.2.1_git20220924-r4)
#7 2.140 (5/16) Installing libatomic (12.2.1_git20220924-r4)
#7 2.165 (6/16) Installing gmp (6.2.1-r2)
#7 2.212 (7/16) Installing isl25 (0.25-r0)
#7 2.311 (8/16) Installing mpfr4 (4.1.0-r0)
#7 2.543 (9/16) Installing mpc1 (1.2.1-r1)
#7 2.572 (10/16) Installing gcc (12.2.1_git20220924-r4)
#7 9.988 (11/16) Installing pkgconf (1.9.3-r0)
#7 10.03 (12/16) Installing mpdecimal (2.5.1-r1)
#7 10.09 (13/16) Installing python3 (3.10.9-r1)
#7 12.69 (14/16) Installing python3-dev (3.10.9-r1)
#7 16.84 (15/16) Installing musl-dev (1.2.3-r4)
#7 17.37 (16/16) Installing build-deps (20230111.084414)
#7 17.37 Executing busybox-1.35.0-r29.trigger
#7 17.38 OK: 256 MiB in 53 packages
#7 17.42 fetch https://dl-cdn.alpinelinux.org/alpine/v3.17/main/x86_64/APKINDEX.tar.gz
#7 17.80 fetch https://dl-cdn.alpinelinux.org/alpine/v3.17/community/x86_64/APKINDEX.tar.gz
#7 18.18 (1/9) Installing openssl-dev (3.0.7-r2)
#7 18.24 (2/9) Installing zlib-dev (1.2.13-r0)
#7 18.27 (3/9) Installing mariadb-connector-c (3.3.3-r0)
#7 18.31 (4/9) Installing mariadb-connector-c-dev (3.3.3-r0)
#7 18.35 (5/9) Installing mariadb-common (10.6.11-r0)
#7 18.44 (6/9) Installing libaio (0.3.113-r0)
#7 18.49 (7/9) Installing pcre2 (10.42-r0)
#7 18.54 (8/9) Installing mariadb-embedded (10.6.11-r0)
#7 19.14 (9/9) Installing mariadb-dev (10.6.11-r0)
#7 19.30 Executing busybox-1.35.0-r29.trigger
#7 19.30 OK: 287 MiB in 62 packages
#7 DONE 21.3s

#8 [4/6] RUN pip3 install --upgrade pip
#8 sha256:3456836b1d99ffec5fd538a44a18678ee61583555011ff1c6a82f30312db2d21
#8 1.978 Requirement already satisfied: pip in /usr/local/lib/python3.8/site-packages (22.0.4)
#8 2.203 Collecting pip
#8 2.383   Downloading pip-22.3.1-py3-none-any.whl (2.1 MB)
#8 2.691      ━━━━━━━━━━━━━━━━━━━━━━━━━━━━━━━━━━━━━━━━ 2.1/2.1 MB 6.7 MB/s eta 0:00:00
#8 2.732 Installing collected packages: pip
#8 2.732   Attempting uninstall: pip
#8 2.733     Found existing installation: pip 22.0.4
#8 2.830     Uninstalling pip-22.0.4:
#8 2.969       Successfully uninstalled pip-22.0.4
#8 4.064 Successfully installed pip-22.3.1
#8 4.064 WARNING: Running pip as the 'root' user can result in broken permissions and conflicting behaviour with the system package manager. It is recommended to use a virtual environment instead: https://pip.pypa.io/warnings/venv
#8 DONE 4.7s

#9 [5/6] RUN pip3 install --upgrade setuptools
#9 sha256:580c15698839b6691af415715045b3bb21f43c1444ea54ba5dfd2d3a76aeed76
#9 0.812 Requirement already satisfied: setuptools in /usr/local/lib/python3.8/site-packages (57.5.0)
#9 1.216 Collecting setuptools
#9 1.352   Downloading setuptools-65.6.3-py3-none-any.whl (1.2 MB)
#9 1.560      ━━━━━━━━━━━━━━━━━━━━━━━━━━━━━━━━━━━━━━━━ 1.2/1.2 MB 6.0 MB/s eta 0:00:00
#9 1.668 Installing collected packages: setuptools
#9 1.668   Attempting uninstall: setuptools
#9 1.669     Found existing installation: setuptools 57.5.0
#9 1.694     Uninstalling setuptools-57.5.0:
#9 1.748       Successfully uninstalled setuptools-57.5.0
#9 2.228 Successfully installed setuptools-65.6.3
#9 2.228 WARNING: Running pip as the 'root' user can result in broken permissions and conflicting behaviour with the system package manager. It is recommended to use a virtual environment instead: https://pip.pypa.io/warnings/venv
#9 DONE 2.5s

#10 [6/6] RUN pip3 install ez_setup kafka-python mysql mysql-connector
#10 sha256:6585e8faa628bde56fe52d1aedcecc5848deffa4f96a368921ed59411da22f87
#10 0.985 Collecting ez_setup
#10 1.123   Downloading ez_setup-0.9.tar.gz (6.6 kB)
#10 1.140   Preparing metadata (setup.py): started
#10 1.382   Preparing metadata (setup.py): finished with status 'done'
#10 1.426 Collecting kafka-python
#10 1.467   Downloading kafka_python-2.0.2-py2.py3-none-any.whl (246 kB)
#10 1.537      ━━━━━━━━━━━━━━━━━━━━━━━━━━━━━━━━━━━━━━━ 246.5/246.5 kB 3.6 MB/s eta 0:00:00
#10 1.573 Collecting mysql
#10 1.602   Downloading mysql-0.0.3-py3-none-any.whl (1.2 kB)
#10 1.644 Collecting mysql-connector
#10 1.672   Downloading mysql-connector-2.2.9.tar.gz (11.9 MB)
#10 3.209      ━━━━━━━━━━━━━━━━━━━━━━━━━━━━━━━━━━━━━━━━ 11.9/11.9 MB 7.6 MB/s eta 0:00:00
#10 3.391   Preparing metadata (setup.py): started
#10 3.637   Preparing metadata (setup.py): finished with status 'done'
#10 3.693 Collecting mysqlclient
#10 3.725   Downloading mysqlclient-2.1.1.tar.gz (88 kB)
#10 3.747      ━━━━━━━━━━━━━━━━━━━━━━━━━━━━━━━━━━━━━━━━ 88.1/88.1 kB 4.2 MB/s eta 0:00:00
#10 3.769   Preparing metadata (setup.py): started
#10 4.071   Preparing metadata (setup.py): finished with status 'done'
#10 4.076 Building wheels for collected packages: ez_setup, mysql-connector, mysqlclient
#10 4.077   Building wheel for ez_setup (setup.py): started
#10 4.384   Building wheel for ez_setup (setup.py): finished with status 'done'
#10 4.385   Created wheel for ez_setup: filename=ez_setup-0.9-py3-none-any.whl size=10998 sha256=8c5c1b06d86c7c3ff0e40f4558a8d512d8e10dd6a1da013b89a7d9f299ab5d64
#10 4.385   Stored in directory: /root/.cache/pip/wheels/60/9b/b3/53f7269352bbc84baf136a8452785867b94e831bf732f49784
#10 4.388   Building wheel for mysql-connector (setup.py): started
#10 4.707   Building wheel for mysql-connector (setup.py): finished with status 'done'
#10 4.707   Created wheel for mysql-connector: filename=mysql_connector-2.2.9-cp38-cp38-linux_x86_64.whl size=247950 sha256=6b38194dba676edcf6f3a2f8c846294925c4e8efd12cdbd33ed0df0c573d18c8
#10 4.708   Stored in directory: /root/.cache/pip/wheels/58/f5/f9/cf789b8fe8c336df6d5bbf3c940c95fde485cb08b92b5a4de7
#10 4.711   Building wheel for mysqlclient (setup.py): started
#10 5.600   Building wheel for mysqlclient (setup.py): finished with status 'done'
#10 5.601   Created wheel for mysqlclient: filename=mysqlclient-2.1.1-cp38-cp38-linux_x86_64.whl size=57116 sha256=281177da518350adbb8c8075f25b7b82bc31ab0a9f7000b0d16d632e43ecf5e9
#10 5.601   Stored in directory: /root/.cache/pip/wheels/3c/77/c2/4ba0d4de8e44f20e569cdd4fded444876b86bcb50837f04ec7
#10 5.603 Successfully built ez_setup mysql-connector mysqlclient
#10 5.645 Installing collected packages: mysql-connector, kafka-python, ez_setup, mysqlclient, mysql
#10 6.127 Successfully installed ez_setup-0.9 kafka-python-2.0.2 mysql-0.0.3 mysql-connector-2.2.9 mysqlclient-2.1.1
#10 6.127 WARNING: Running pip as the 'root' user can result in broken permissions and conflicting behaviour with the system package manager. It is recommended to use a virtual environment instead: https://pip.pypa.io/warnings/venv
#10 DONE 6.3s

#11 exporting to image
#11 sha256:e8c613e07b0b7ff33893b694f7759a10d42e180f2b4dc349fb57dc6b71dcab00
#11 exporting layers
#11 exporting layers 1.8s done
#11 writing image sha256:13720740b906b3589bac9efea37e76d1adcbb9209b1217a9b07c10e04b43b562 0.0s done
#11 naming to docker.io/mzsd/kafka_reader:1.0 done
#11 DONE 1.8s

Use 'docker scan' to run Snyk tests against images to find vulnerabilities and learn how to fix them
